<?xml version="1.0" encoding="UTF-8"?>
<!-- Generated by org.testng.reporters.JUnitXMLReporter -->
<testsuite ignored="0" hostname="DESKTOP-HKAACU0" failures="1" tests="1" name="Surefire test" time="19.984" errors="0" timestamp="2020-11-19T10:40:11 PST">
  <testcase classname="Retail.WalmartHeaderTest" name="wallyTrackOrder" time="1.33">
    <failure type="org.openqa.selenium.InvalidSelectorException" message="Given css selector expression &amp;quot;//div[@data-tl-id=&amp;apos;header-top-links&amp;apos;]&amp;quot; is invalid: InvalidSelectorError: Document.querySelector: &amp;apos;//div[@data-tl-id=&amp;apos;header-top-links&amp;apos;]&amp;apos; is not a valid selector: &amp;quot;//div[@data-tl-id=&amp;apos;header-top-links&amp;apos;]&amp;quot;
For documentation on this error, please visit: https://www.seleniumhq.org/exceptions/invalid_selector_exception.html
Build info: version: &amp;apos;3.141.59&amp;apos;, revision: &amp;apos;e82be7d358&amp;apos;, time: &amp;apos;2018-11-14T08:17:03&amp;apos;
System info: host: &amp;apos;DESKTOP-HKAACU0&amp;apos;, ip: &amp;apos;192.168.43.12&amp;apos;, os.name: &amp;apos;Windows 10&amp;apos;, os.arch: &amp;apos;amd64&amp;apos;, os.version: &amp;apos;10.0&amp;apos;, java.version: &amp;apos;11.0.6&amp;apos;
Driver info: org.openqa.selenium.firefox.FirefoxDriver
Capabilities {acceptInsecureCerts: true, browserName: firefox, browserVersion: 82.0.3, javascriptEnabled: true, moz:accessibilityChecks: false, moz:buildID: 20201108180448, moz:geckodriverVersion: 0.28.0, moz:headless: false, moz:processID: 5200, moz:profile: C:\Users\ljone\AppData\Loca..., moz:shutdownTimeout: 60000, moz:useNonSpecCompliantPointerOrigin: false, moz:webdriverClick: true, pageLoadStrategy: normal, platform: WINDOWS, platformName: WINDOWS, platformVersion: 10.0, rotatable: false, setWindowRect: true, strictFileInteractability: false, timeouts: {implicit: 0, pageLoad: 300000, script: 30000}, unhandledPromptBehavior: dismiss and notify}
Session ID: 35634044-a727-476d-8c2b-4d879b4b1008
*** Element info: {Using=css selector, value=//div[@data-tl-id=&amp;apos;header-top-links&amp;apos;]}">
      <![CDATA[org.openqa.selenium.InvalidSelectorException: Given css selector expression "//div[@data-tl-id='header-top-links']" is invalid: InvalidSelectorError: Document.querySelector: '//div[@data-tl-id='header-top-links']' is not a valid selector: "//div[@data-tl-id='header-top-links']"
For documentation on this error, please visit: https://www.seleniumhq.org/exceptions/invalid_selector_exception.html
Build info: version: '3.141.59', revision: 'e82be7d358', time: '2018-11-14T08:17:03'
System info: host: 'DESKTOP-HKAACU0', ip: '192.168.43.12', os.name: 'Windows 10', os.arch: 'amd64', os.version: '10.0', java.version: '11.0.6'
Driver info: org.openqa.selenium.firefox.FirefoxDriver
Capabilities {acceptInsecureCerts: true, browserName: firefox, browserVersion: 82.0.3, javascriptEnabled: true, moz:accessibilityChecks: false, moz:buildID: 20201108180448, moz:geckodriverVersion: 0.28.0, moz:headless: false, moz:processID: 5200, moz:profile: C:\Users\ljone\AppData\Loca..., moz:shutdownTimeout: 60000, moz:useNonSpecCompliantPointerOrigin: false, moz:webdriverClick: true, pageLoadStrategy: normal, platform: WINDOWS, platformName: WINDOWS, platformVersion: 10.0, rotatable: false, setWindowRect: true, strictFileInteractability: false, timeouts: {implicit: 0, pageLoad: 300000, script: 30000}, unhandledPromptBehavior: dismiss and notify}
Session ID: 35634044-a727-476d-8c2b-4d879b4b1008
*** Element info: {Using=css selector, value=//div[@data-tl-id='header-top-links']}
at org.openqa.selenium.remote.http.W3CHttpResponseCodec.createException(W3CHttpResponseCodec.java:187)
at org.openqa.selenium.remote.http.W3CHttpResponseCodec.decode(W3CHttpResponseCodec.java:122)
at org.openqa.selenium.remote.http.W3CHttpResponseCodec.decode(W3CHttpResponseCodec.java:49)
at org.openqa.selenium.remote.HttpCommandExecutor.execute(HttpCommandExecutor.java:158)
at org.openqa.selenium.remote.service.DriverCommandExecutor.execute(DriverCommandExecutor.java:83)
at org.openqa.selenium.remote.RemoteWebDriver.execute(RemoteWebDriver.java:552)
at org.openqa.selenium.remote.RemoteWebDriver.findElement(RemoteWebDriver.java:323)
at org.openqa.selenium.remote.RemoteWebDriver.findElementByCssSelector(RemoteWebDriver.java:420)
at org.openqa.selenium.By$ByCssSelector.findElement(By.java:431)
at org.openqa.selenium.remote.RemoteWebDriver.findElement(RemoteWebDriver.java:315)
at Retail.WalmartHomeHeader.trackOrders(WalmartHomeHeader.java:75)
at Retail.WalmartHeaderTest.wallyTrackOrder(WalmartHeaderTest.java:33)
at java.base/java.util.ArrayList.forEach(ArrayList.java:1540)
... Removed 36 stack frames]]>
    </failure>
  </testcase> <!-- wallyTrackOrder -->
</testsuite> <!-- Surefire test -->
