<?xml version="1.0" encoding="UTF-8"?>
<!-- Generated by org.testng.reporters.JUnitXMLReporter -->
<testsuite ignored="4" hostname="DESKTOP-HKAACU0" failures="0" tests="1" name="Test" time="70.086" errors="0" timestamp="2020-12-02T11:53:50 PST">
  <testcase classname="Retail.WalmartHeaderTest" name="wallyLocation" time="60.286"/>
  <testcase classname="Retail.WalmartHeaderTest" name="wallyPlus" time="0.0">
    <ignored/>
  </testcase> <!-- wallyPlus -->
  <testcase classname="Retail.WalmartHeaderTest" name="wallyReorderItems" time="0.0">
    <ignored/>
  </testcase> <!-- wallyReorderItems -->
  <testcase classname="Retail.WalmartHeaderTest" name="wallyTrackOrder" time="0.0">
    <ignored/>
  </testcase> <!-- wallyTrackOrder -->
  <testcase classname="Retail.WalmartHeaderTest" name="wallyLists" time="0.0">
    <ignored/>
  </testcase> <!-- wallyLists -->
</testsuite> <!-- Test -->
