<?xml version="1.0" encoding="UTF-8"?>
<!-- Generated by org.testng.reporters.JUnitXMLReporter -->
<testsuite ignored="5" hostname="DESKTOP-HKAACU0" failures="0" tests="1" name="Test" time="22.372" errors="0" timestamp="2020-12-08T14:41:08 PST">
  <testcase classname="Retail.WalmartHeaderTest" name="wallyLocalStore" time="12.216"/>
  <testcase classname="Retail.WalmartHeaderTest" name="wallyLocation" time="0.0">
    <ignored/>
  </testcase> <!-- wallyLocation -->
  <testcase classname="Retail.WalmartHeaderTest" name="wallyPlus" time="0.0">
    <ignored/>
  </testcase> <!-- wallyPlus -->
  <testcase classname="Retail.WalmartHeaderTest" name="wallyReorderItems" time="0.0">
    <ignored/>
  </testcase> <!-- wallyReorderItems -->
  <testcase classname="Retail.WalmartHeaderTest" name="wallyTrackOrder" time="0.0">
    <ignored/>
  </testcase> <!-- wallyTrackOrder -->
  <testcase classname="Retail.WalmartHeaderTest" name="wallyLists" time="0.0">
    <ignored/>
  </testcase> <!-- wallyLists -->
</testsuite> <!-- Test -->
