<?xml version="1.0" encoding="UTF-8"?>
<testsuite xmlns:xsi="http://www.w3.org/2001/XMLSchema-instance" xsi:noNamespaceSchemaLocation="https://maven.apache.org/surefire/maven-surefire-plugin/xsd/surefire-test-report-3.0.xsd" version="3.0" name="Retail.WalmartHeaderTest" time="21.007" tests="1" errors="0" skipped="0" failures="1">
  <properties>
[...]
</properties>
  <testcase name="wallyTrackOrder" classname="Retail.WalmartHeaderTest" time="1.356">
    <failure message="Given css selector expression &quot;//div[@data-tl-id=&apos;header-top-links&apos;]&quot; is invalid: InvalidSelectorError: Document.querySelector: &apos;//div[@data-tl-id=&apos;header-top-links&apos;]&apos; is not a valid selector: &quot;//div[@data-tl-id=&apos;header-top-links&apos;]&quot;&#10;For documentation on this error, please visit: https://www.seleniumhq.org/exceptions/invalid_selector_exception.html&#10;Build info: version: &apos;3.141.59&apos;, revision: &apos;e82be7d358&apos;, time: &apos;2018-11-14T08:17:03&apos;&#10;System info: host: &apos;DESKTOP-HKAACU0&apos;, ip: &apos;192.168.43.12&apos;, os.name: &apos;Windows 10&apos;, os.arch: &apos;amd64&apos;, os.version: &apos;10.0&apos;, java.version: &apos;11.0.6&apos;&#10;Driver info: org.openqa.selenium.firefox.FirefoxDriver&#10;Capabilities {acceptInsecureCerts: true, browserName: firefox, browserVersion: 82.0.3, javascriptEnabled: true, moz:accessibilityChecks: false, moz:buildID: 20201108180448, moz:geckodriverVersion: 0.28.0, moz:headless: false, moz:processID: 5200, moz:profile: C:\Users\ljone\AppData\Loca..., moz:shutdownTimeout: 60000, moz:useNonSpecCompliantPointerOrigin: false, moz:webdriverClick: true, pageLoadStrategy: normal, platform: WINDOWS, platformName: WINDOWS, platformVersion: 10.0, rotatable: false, setWindowRect: true, strictFileInteractability: false, timeouts: {implicit: 0, pageLoad: 300000, script: 30000}, unhandledPromptBehavior: dismiss and notify}&#10;Session ID: 35634044-a727-476d-8c2b-4d879b4b1008&#10;*** Element info: {Using=css selector, value=//div[@data-tl-id=&apos;header-top-links&apos;]}" type="org.openqa.selenium.InvalidSelectorException"><![CDATA[org.openqa.selenium.InvalidSelectorException: 
Given css selector expression "//div[@data-tl-id='header-top-links']" is invalid: InvalidSelectorError: Document.querySelector: '//div[@data-tl-id='header-top-links']' is not a valid selector: "//div[@data-tl-id='header-top-links']"
For documentation on this error, please visit: https://www.seleniumhq.org/exceptions/invalid_selector_exception.html
Build info: version: '3.141.59', revision: 'e82be7d358', time: '2018-11-14T08:17:03'
System info: host: 'DESKTOP-HKAACU0', ip: '192.168.43.12', os.name: 'Windows 10', os.arch: 'amd64', os.version: '10.0', java.version: '11.0.6'
Driver info: org.openqa.selenium.firefox.FirefoxDriver
Capabilities {acceptInsecureCerts: true, browserName: firefox, browserVersion: 82.0.3, javascriptEnabled: true, moz:accessibilityChecks: false, moz:buildID: 20201108180448, moz:geckodriverVersion: 0.28.0, moz:headless: false, moz:processID: 5200, moz:profile: C:\Users\ljone\AppData\Loca..., moz:shutdownTimeout: 60000, moz:useNonSpecCompliantPointerOrigin: false, moz:webdriverClick: true, pageLoadStrategy: normal, platform: WINDOWS, platformName: WINDOWS, platformVersion: 10.0, rotatable: false, setWindowRect: true, strictFileInteractability: false, timeouts: {implicit: 0, pageLoad: 300000, script: 30000}, unhandledPromptBehavior: dismiss and notify}
Session ID: 35634044-a727-476d-8c2b-4d879b4b1008
*** Element info: {Using=css selector, value=//div[@data-tl-id='header-top-links']}
	at Retail.WalmartHeaderTest.wallyTrackOrder(WalmartHeaderTest.java:33)
]]></failure>
    <system-err><![CDATA[1605811192221	geckodriver	INFO	Listening on 127.0.0.1:4665
1605811193228	mozrunner::runner	INFO	Running command: "C:\\Program Files\\Mozilla Firefox\\firefox.exe" "--marionette" "-foreground" "-no-remote" "-profile" "C:\\Users\\ljone\\AppData\\Local\\Temp\\rust_mozprofile1f1idG"
Can't find symbol 'eglSwapBuffersWithDamageEXT'.
JavaScript error: resource://gre/modules/XULStore.jsm, line 66: Error: Can't find profile directory.
console.warn: SearchSettings: "get: No settings file exists, new profile?" (new Error("", "(unknown module)"))
1605811199259	Marionette	INFO	Listening on port 59846
1605811199434	Marionette	WARN	TLS certificate errors will be ignored for this session
Nov 19, 2020 10:39:59 AM org.openqa.selenium.remote.ProtocolHandshake createSession
INFO: Detected dialect: W3C
JavaScript error: resource://gre/modules/URIFixup.jsm, line 271: NS_ERROR_FAILURE: Should pass a non-null uri
Can't find symbol 'eglSwapBuffersWithDamageEXT'.
JavaScript error: https://771c8bed2b981e030e7cfedc57fd13f0.safeframe.googlesyndication.com/safeframe/1-0-37/html/container.html, line 10: SyntaxError: "" string literal contains an unescaped line break
JavaScript error: https://771c8bed2b981e030e7cfedc57fd13f0.safeframe.googlesyndication.com/safeframe/1-0-37/html/container.html, line 10: SyntaxError: "" string literal contains an unescaped line break
]]></system-err>
  </testcase>
</testsuite>