<?xml version="1.0" encoding="UTF-8"?>
<testng-results ignored="7" total="8" passed="1" failed="0" skipped="0">
  <reporter-output>
  </reporter-output>
  <suite started-at="2020-12-21T15:40:17 PST" name="Suite" finished-at="2020-12-21T15:40:38 PST" duration-ms="21443">
    <groups>
    </groups>
    <test started-at="2020-12-21T15:40:17 PST" name="Test" finished-at="2020-12-21T15:40:38 PST" duration-ms="21443">
      <class name="Retail.WalmartHeaderTest">
        <test-method is-config="true" signature="setUp()[pri:0, instance:Retail.WalmartHeaderTest@29647f75]" started-at="2020-12-21T15:40:17 PST" name="setUp" finished-at="2020-12-21T15:40:28 PST" duration-ms="11795" status="PASS">
          <reporter-output>
          </reporter-output>
        </test-method> <!-- setUp -->
        <test-method signature="wallyDealsMenu()[pri:0, instance:Retail.WalmartHeaderTest@29647f75]" started-at="2020-12-21T15:40:28 PST" name="wallyDealsMenu" finished-at="2020-12-21T15:40:34 PST" duration-ms="6001" status="PASS">
          <reporter-output>
          </reporter-output>
        </test-method> <!-- wallyDealsMenu -->
        <test-method is-config="true" signature="tearDown()[pri:0, instance:Retail.WalmartHeaderTest@29647f75]" started-at="2020-12-21T15:40:34 PST" name="tearDown" finished-at="2020-12-21T15:40:38 PST" duration-ms="3597" status="PASS">
          <reporter-output>
          </reporter-output>
        </test-method> <!-- tearDown -->
      </class> <!-- Retail.WalmartHeaderTest -->
    </test> <!-- Test -->
  </suite> <!-- Suite -->
</testng-results>
